2019-12-10 12:00:14.168  INFO 77664 --- [restartedMain] com.example.EasyNotesApplication         : Starting EasyNotesApplication on AnushreeS-PC-215 with PID 77664 (C:\Users\Anushree\Downloads\UpdateExpenseManager-master\target\classes started by Anushree in C:\Users\Anushree\Downloads\UpdateExpenseManager-master)
2019-12-10 12:00:14.180  INFO 77664 --- [restartedMain] com.example.EasyNotesApplication         : No active profile set, falling back to default profiles: default
2019-12-10 12:00:14.266  INFO 77664 --- [restartedMain] o.s.b.devtools.restart.ChangeableUrls    : The Class-Path manifest attribute in C:\Users\Anushree\.m2\repository\org\glassfish\jaxb\jaxb-runtime\2.3.2\jaxb-runtime-2.3.2.jar referenced one or more files that do not exist: file:/C:/Users/Anushree/.m2/repository/org/glassfish/jaxb/jaxb-runtime/2.3.2/jakarta.xml.bind-api-2.3.2.jar,file:/C:/Users/Anushree/.m2/repository/org/glassfish/jaxb/jaxb-runtime/2.3.2/txw2-2.3.2.jar,file:/C:/Users/Anushree/.m2/repository/org/glassfish/jaxb/jaxb-runtime/2.3.2/istack-commons-runtime-3.0.8.jar,file:/C:/Users/Anushree/.m2/repository/org/glassfish/jaxb/jaxb-runtime/2.3.2/stax-ex-1.8.1.jar,file:/C:/Users/Anushree/.m2/repository/org/glassfish/jaxb/jaxb-runtime/2.3.2/FastInfoset-1.2.16.jar,file:/C:/Users/Anushree/.m2/repository/org/glassfish/jaxb/jaxb-runtime/2.3.2/jakarta.activation-api-1.2.1.jar
2019-12-10 12:00:14.337  INFO 77664 --- [restartedMain] .e.DevToolsPropertyDefaultsPostProcessor : Devtools property defaults active! Set 'spring.devtools.add-properties' to 'false' to disable
2019-12-10 12:00:14.338  INFO 77664 --- [restartedMain] .e.DevToolsPropertyDefaultsPostProcessor : For additional web related logging consider setting the 'logging.level.web' property to 'DEBUG'
2019-12-10 12:00:15.053  INFO 77664 --- [restartedMain] .s.d.r.c.RepositoryConfigurationDelegate : Bootstrapping Spring Data repositories in DEFAULT mode.
2019-12-10 12:00:15.113  INFO 77664 --- [restartedMain] .s.d.r.c.RepositoryConfigurationDelegate : Finished Spring Data repository scanning in 53ms. Found 2 repository interfaces.
2019-12-10 12:00:15.347  INFO 77664 --- [restartedMain] trationDelegate$BeanPostProcessorChecker : Bean 'org.springframework.transaction.annotation.ProxyTransactionManagementConfiguration' of type [org.springframework.transaction.annotation.ProxyTransactionManagementConfiguration] is not eligible for getting processed by all BeanPostProcessors (for example: not eligible for auto-proxying)
2019-12-10 12:00:15.735  INFO 77664 --- [restartedMain] o.s.b.w.embedded.tomcat.TomcatWebServer  : Tomcat initialized with port(s): 8080 (http)
2019-12-10 12:00:15.742  INFO 77664 --- [restartedMain] o.apache.catalina.core.StandardService   : Starting service [Tomcat]
2019-12-10 12:00:15.742  INFO 77664 --- [restartedMain] org.apache.catalina.core.StandardEngine  : Starting Servlet engine: [Apache Tomcat/9.0.27]
2019-12-10 12:00:15.873  INFO 77664 --- [restartedMain] o.a.c.c.C.[Tomcat].[localhost].[/]       : Initializing Spring embedded WebApplicationContext
2019-12-10 12:00:15.873  INFO 77664 --- [restartedMain] o.s.web.context.ContextLoader            : Root WebApplicationContext: initialization completed in 1535 ms
2019-12-10 12:00:15.914 DEBUG 77664 --- [restartedMain] o.s.w.f.CommonsRequestLoggingFilter      : Filter 'logFilter' configured for use
2019-12-10 12:00:15.984  INFO 77664 --- [restartedMain] o.f.c.internal.license.VersionPrinter    : Flyway Community Edition 6.0.8 by Redgate
2019-12-10 12:00:15.992  INFO 77664 --- [restartedMain] com.zaxxer.hikari.HikariDataSource       : HikariPool-1 - Starting...
2019-12-10 12:00:16.092  INFO 77664 --- [restartedMain] com.zaxxer.hikari.HikariDataSource       : HikariPool-1 - Start completed.
2019-12-10 12:00:16.115  INFO 77664 --- [restartedMain] o.f.c.internal.database.DatabaseFactory  : Database: jdbc:mysql://localhost:3306/expensemanager1 (MySQL 5.7)
2019-12-10 12:00:16.150  INFO 77664 --- [restartedMain] o.f.core.internal.command.DbValidate     : Successfully validated 2 migrations (execution time 00:00.019s)
2019-12-10 12:00:16.157  INFO 77664 --- [restartedMain] o.f.core.internal.command.DbMigrate      : Current version of schema `expensemanager1`: 2
2019-12-10 12:00:16.158  WARN 77664 --- [restartedMain] o.f.core.internal.command.DbMigrate      : Schema `expensemanager1` has a version (2) that is newer than the latest available migration (1) !
2019-12-10 12:00:16.158  INFO 77664 --- [restartedMain] o.f.core.internal.command.DbMigrate      : Schema `expensemanager1` is up to date. No migration necessary.
2019-12-10 12:00:16.233  INFO 77664 --- [restartedMain] o.hibernate.jpa.internal.util.LogHelper  : HHH000204: Processing PersistenceUnitInfo [name: default]
2019-12-10 12:00:16.340  INFO 77664 --- [restartedMain] org.hibernate.Version                    : HHH000412: Hibernate Core {5.4.8.Final}
2019-12-10 12:00:16.437  INFO 77664 --- [restartedMain] o.hibernate.annotations.common.Version   : HCANN000001: Hibernate Commons Annotations {5.1.0.Final}
2019-12-10 12:00:16.530  INFO 77664 --- [restartedMain] org.hibernate.dialect.Dialect            : HHH000400: Using dialect: org.hibernate.dialect.MySQL5InnoDBDialect
2019-12-10 12:00:17.072 DEBUG 77664 --- [restartedMain] org.hibernate.SQL                        : create table expenses (e_id integer not null auto_increment, create_date_time datetime, e_amount varchar(255), ec_id integer not null, update_date_time datetime, primary key (e_id)) engine=InnoDB
2019-12-10 12:00:17.468 DEBUG 77664 --- [restartedMain] org.hibernate.SQL                        : create table expensescategory (id integer not null auto_increment, category_name varchar(255), primary key (id)) engine=InnoDB
2019-12-10 12:00:17.594  INFO 77664 --- [restartedMain] o.h.e.t.j.p.i.JtaPlatformInitiator       : HHH000490: Using JtaPlatform implementation: [org.hibernate.engine.transaction.jta.platform.internal.NoJtaPlatform]
2019-12-10 12:00:17.599  INFO 77664 --- [restartedMain] j.LocalContainerEntityManagerFactoryBean : Initialized JPA EntityManagerFactory for persistence unit 'default'
2019-12-10 12:00:17.624  INFO 77664 --- [restartedMain] o.s.b.d.a.OptionalLiveReloadServer       : LiveReload server is running on port 35729
2019-12-10 12:00:17.903  WARN 77664 --- [restartedMain] JpaBaseConfiguration$JpaWebConfiguration : spring.jpa.open-in-view is enabled by default. Therefore, database queries may be performed during view rendering. Explicitly configure spring.jpa.open-in-view to disable this warning
2019-12-10 12:00:18.026  INFO 77664 --- [restartedMain] o.s.s.concurrent.ThreadPoolTaskExecutor  : Initializing ExecutorService 'applicationTaskExecutor'
2019-12-10 12:00:18.235  INFO 77664 --- [restartedMain] o.s.b.w.embedded.tomcat.TomcatWebServer  : Tomcat started on port(s): 8080 (http) with context path ''
2019-12-10 12:00:18.237  INFO 77664 --- [restartedMain] com.example.EasyNotesApplication         : Started EasyNotesApplication in 4.372 seconds (JVM running for 5.573)
2019-12-10 12:00:25.798  INFO 77664 --- [http-nio-8080-exec-2] o.a.c.c.C.[Tomcat].[localhost].[/]       : Initializing Spring DispatcherServlet 'dispatcherServlet'
2019-12-10 12:00:25.799  INFO 77664 --- [http-nio-8080-exec-2] o.s.web.servlet.DispatcherServlet        : Initializing Servlet 'dispatcherServlet'
2019-12-10 12:00:25.808  INFO 77664 --- [http-nio-8080-exec-2] o.s.web.servlet.DispatcherServlet        : Completed initialization in 9 ms
2019-12-10 12:00:25.817 DEBUG 77664 --- [http-nio-8080-exec-2] o.s.w.f.CommonsRequestLoggingFilter      : Before request [POST /api/addCategory]
2019-12-10 12:00:25.949 DEBUG 77664 --- [http-nio-8080-exec-2] org.hibernate.SQL                        : insert into expensescategory (category_name) values (?)
2019-12-10 12:00:26.060 DEBUG 77664 --- [http-nio-8080-exec-2] o.s.w.f.CommonsRequestLoggingFilter      : REQUEST DATA : POST /api/addCategory, payload=
{
    "categoryName": "anu"
   
}]
2019-12-10 12:07:47.545  INFO 77664 --- [Thread-5] o.s.s.concurrent.ThreadPoolTaskExecutor  : Shutting down ExecutorService 'applicationTaskExecutor'
2019-12-10 12:07:47.546  INFO 77664 --- [Thread-5] j.LocalContainerEntityManagerFactoryBean : Closing JPA EntityManagerFactory for persistence unit 'default'
2019-12-10 12:07:47.549  INFO 77664 --- [Thread-5] com.zaxxer.hikari.HikariDataSource       : HikariPool-1 - Shutdown initiated...
2019-12-10 12:07:47.567  INFO 77664 --- [Thread-5] com.zaxxer.hikari.HikariDataSource       : HikariPool-1 - Shutdown completed.
2019-12-10 12:07:47.829  INFO 77664 --- [restartedMain] com.example.EasyNotesApplication         : Starting EasyNotesApplication on AnushreeS-PC-215 with PID 77664 (C:\Users\Anushree\Downloads\UpdateExpenseManager-master\target\classes started by Anushree in C:\Users\Anushree\Downloads\UpdateExpenseManager-master)
2019-12-10 12:07:47.829  INFO 77664 --- [restartedMain] com.example.EasyNotesApplication         : No active profile set, falling back to default profiles: default
2019-12-10 12:07:48.057  INFO 77664 --- [restartedMain] .s.d.r.c.RepositoryConfigurationDelegate : Bootstrapping Spring Data repositories in DEFAULT mode.
2019-12-10 12:07:48.077  INFO 77664 --- [restartedMain] .s.d.r.c.RepositoryConfigurationDelegate : Finished Spring Data repository scanning in 19ms. Found 2 repository interfaces.
2019-12-10 12:07:48.132  INFO 77664 --- [restartedMain] trationDelegate$BeanPostProcessorChecker : Bean 'org.springframework.transaction.annotation.ProxyTransactionManagementConfiguration' of type [org.springframework.transaction.annotation.ProxyTransactionManagementConfiguration] is not eligible for getting processed by all BeanPostProcessors (for example: not eligible for auto-proxying)
2019-12-10 12:07:48.160  WARN 77664 --- [restartedMain] org.apache.tomcat.util.modeler.Registry  : The MBean registry cannot be disabled because it has already been initialised
2019-12-10 12:07:48.492  INFO 77664 --- [restartedMain] o.s.b.w.embedded.tomcat.TomcatWebServer  : Tomcat initialized with port(s): 8080 (http)
2019-12-10 12:07:48.492  INFO 77664 --- [restartedMain] o.apache.catalina.core.StandardService   : Starting service [Tomcat]
2019-12-10 12:07:48.492  INFO 77664 --- [restartedMain] org.apache.catalina.core.StandardEngine  : Starting Servlet engine: [Apache Tomcat/9.0.27]
2019-12-10 12:07:48.662  INFO 77664 --- [restartedMain] o.a.c.c.C.[Tomcat].[localhost].[/]       : Initializing Spring embedded WebApplicationContext
2019-12-10 12:07:48.662  INFO 77664 --- [restartedMain] o.s.web.context.ContextLoader            : Root WebApplicationContext: initialization completed in 830 ms
2019-12-10 12:07:48.674 DEBUG 77664 --- [restartedMain] o.s.w.f.CommonsRequestLoggingFilter      : Filter 'logFilter' configured for use
2019-12-10 12:07:48.696  INFO 77664 --- [restartedMain] com.zaxxer.hikari.HikariDataSource       : HikariPool-2 - Starting...
2019-12-10 12:07:48.708  INFO 77664 --- [restartedMain] com.zaxxer.hikari.HikariDataSource       : HikariPool-2 - Start completed.
2019-12-10 12:07:48.715  INFO 77664 --- [restartedMain] o.f.c.internal.database.DatabaseFactory  : Database: jdbc:mysql://localhost:3306/expensemanager1 (MySQL 5.7)
2019-12-10 12:07:48.728  INFO 77664 --- [restartedMain] o.f.core.internal.command.DbValidate     : Successfully validated 2 migrations (execution time 00:00.007s)
2019-12-10 12:07:48.734  INFO 77664 --- [restartedMain] o.f.core.internal.command.DbMigrate      : Current version of schema `expensemanager1`: 2
2019-12-10 12:07:48.734  WARN 77664 --- [restartedMain] o.f.core.internal.command.DbMigrate      : Schema `expensemanager1` has a version (2) that is newer than the latest available migration (1) !
2019-12-10 12:07:48.734  INFO 77664 --- [restartedMain] o.f.core.internal.command.DbMigrate      : Schema `expensemanager1` is up to date. No migration necessary.
2019-12-10 12:07:48.754  INFO 77664 --- [restartedMain] o.hibernate.jpa.internal.util.LogHelper  : HHH000204: Processing PersistenceUnitInfo [name: default]
2019-12-10 12:07:48.758  INFO 77664 --- [restartedMain] org.hibernate.dialect.Dialect            : HHH000400: Using dialect: org.hibernate.dialect.MySQL5InnoDBDialect
2019-12-10 12:07:48.805  INFO 77664 --- [restartedMain] o.h.e.t.j.p.i.JtaPlatformInitiator       : HHH000490: Using JtaPlatform implementation: [org.hibernate.engine.transaction.jta.platform.internal.NoJtaPlatform]
2019-12-10 12:07:48.805  INFO 77664 --- [restartedMain] j.LocalContainerEntityManagerFactoryBean : Initialized JPA EntityManagerFactory for persistence unit 'default'
2019-12-10 12:07:48.815  INFO 77664 --- [restartedMain] o.s.b.d.a.OptionalLiveReloadServer       : LiveReload server is running on port 35729
2019-12-10 12:07:48.892  WARN 77664 --- [restartedMain] JpaBaseConfiguration$JpaWebConfiguration : spring.jpa.open-in-view is enabled by default. Therefore, database queries may be performed during view rendering. Explicitly configure spring.jpa.open-in-view to disable this warning
2019-12-10 12:07:48.926  INFO 77664 --- [restartedMain] o.s.s.concurrent.ThreadPoolTaskExecutor  : Initializing ExecutorService 'applicationTaskExecutor'
2019-12-10 12:07:49.039  INFO 77664 --- [restartedMain] o.s.b.w.embedded.tomcat.TomcatWebServer  : Tomcat started on port(s): 8080 (http) with context path ''
2019-12-10 12:07:49.040  INFO 77664 --- [restartedMain] com.example.EasyNotesApplication         : Started EasyNotesApplication in 1.239 seconds (JVM running for 456.377)
2019-12-10 12:07:49.042  INFO 77664 --- [restartedMain] .ConditionEvaluationDeltaLoggingListener : Condition evaluation unchanged
2019-12-10 12:08:03.594  INFO 77664 --- [http-nio-8080-exec-2] o.a.c.c.C.[Tomcat].[localhost].[/]       : Initializing Spring DispatcherServlet 'dispatcherServlet'
2019-12-10 12:08:03.595  INFO 77664 --- [http-nio-8080-exec-2] o.s.web.servlet.DispatcherServlet        : Initializing Servlet 'dispatcherServlet'
2019-12-10 12:08:03.599  INFO 77664 --- [http-nio-8080-exec-2] o.s.web.servlet.DispatcherServlet        : Completed initialization in 4 ms
2019-12-10 12:08:03.600 DEBUG 77664 --- [http-nio-8080-exec-2] o.s.w.f.CommonsRequestLoggingFilter      : Before request [POST /api/addCategory]
2019-12-10 12:08:03.609 DEBUG 77664 --- [http-nio-8080-exec-2] org.hibernate.SQL                        : insert into expensescategory (category_name) values (?)
2019-12-10 12:08:03.672 DEBUG 77664 --- [http-nio-8080-exec-2] o.s.w.f.CommonsRequestLoggingFilter      : REQUEST DATA : POST /api/addCategory, payload=
{
    "categoryName": "fodd"
   
}]
2019-12-10 12:08:09.179 DEBUG 77664 --- [http-nio-8080-exec-3] o.s.w.f.CommonsRequestLoggingFilter      : Before request [GET /api/categories]
2019-12-10 12:08:09.180  INFO 77664 --- [http-nio-8080-exec-3] c.e.c.ExpenseCategotyController          : Info message
2019-12-10 12:08:09.180  WARN 77664 --- [http-nio-8080-exec-3] c.e.c.ExpenseCategotyController          : Warn message
2019-12-10 12:08:09.181 ERROR 77664 --- [http-nio-8080-exec-3] c.e.c.ExpenseCategotyController          : Error message
2019-12-10 12:08:09.417 DEBUG 77664 --- [http-nio-8080-exec-3] org.hibernate.SQL                        : select expensecat0_.id as id1_1_, expensecat0_.category_name as category2_1_ from expensescategory expensecat0_
2019-12-10 12:08:09.449 DEBUG 77664 --- [http-nio-8080-exec-3] o.s.w.f.CommonsRequestLoggingFilter      : REQUEST DATA : GET /api/categories]
2019-12-10 12:08:26.466 DEBUG 77664 --- [http-nio-8080-exec-4] o.s.w.f.CommonsRequestLoggingFilter      : Before request [POST /api/addExpenses]
2019-12-10 12:08:26.551 DEBUG 77664 --- [http-nio-8080-exec-4] org.hibernate.SQL                        : insert into expenses (create_date_time, e_amount, ec_id, update_date_time) values (?, ?, ?, ?)
2019-12-10 12:08:26.603 DEBUG 77664 --- [http-nio-8080-exec-4] o.s.w.f.CommonsRequestLoggingFilter      : REQUEST DATA : POST /api/addExpenses, payload={
	"e_amount":100000

}]
2019-12-10 12:08:43.093 DEBUG 77664 --- [http-nio-8080-exec-5] o.s.w.f.CommonsRequestLoggingFilter      : Before request [POST /api/addExpenses]
2019-12-10 12:08:43.148  WARN 77664 --- [http-nio-8080-exec-5] .m.m.a.ExceptionHandlerExceptionResolver : Resolved [org.springframework.http.converter.HttpMessageNotReadableException: JSON parse error: Unexpected character ('"' (code 34)): was expecting comma to separate Object entries; nested exception is com.fasterxml.jackson.core.JsonParseException: Unexpected character ('"' (code 34)): was expecting comma to separate Object entries
 at [Source: (PushbackInputStream); line: 3, column: 6]]
2019-12-10 12:08:43.148 DEBUG 77664 --- [http-nio-8080-exec-5] o.s.w.f.CommonsRequestLoggingFilter      : REQUEST DATA : POST /api/addExpenses, payload={
	"e_amount":100000
    "ec_id":1
}]
2019-12-10 12:09:17.976  INFO 77664 --- [Thread-11] o.s.s.concurrent.ThreadPoolTaskExecutor  : Shutting down ExecutorService 'applicationTaskExecutor'
2019-12-10 12:09:17.978  INFO 77664 --- [Thread-11] j.LocalContainerEntityManagerFactoryBean : Closing JPA EntityManagerFactory for persistence unit 'default'
2019-12-10 12:09:17.980  INFO 77664 --- [Thread-11] com.zaxxer.hikari.HikariDataSource       : HikariPool-2 - Shutdown initiated...
2019-12-10 12:09:17.996  INFO 77664 --- [Thread-11] com.zaxxer.hikari.HikariDataSource       : HikariPool-2 - Shutdown completed.
2019-12-10 12:09:18.256  INFO 77664 --- [restartedMain] com.example.EasyNotesApplication         : Starting EasyNotesApplication on AnushreeS-PC-215 with PID 77664 (C:\Users\Anushree\Downloads\UpdateExpenseManager-master\target\classes started by Anushree in C:\Users\Anushree\Downloads\UpdateExpenseManager-master)
2019-12-10 12:09:18.257  INFO 77664 --- [restartedMain] com.example.EasyNotesApplication         : No active profile set, falling back to default profiles: default
2019-12-10 12:09:18.442  INFO 77664 --- [restartedMain] .s.d.r.c.RepositoryConfigurationDelegate : Bootstrapping Spring Data repositories in DEFAULT mode.
2019-12-10 12:09:18.459  INFO 77664 --- [restartedMain] .s.d.r.c.RepositoryConfigurationDelegate : Finished Spring Data repository scanning in 17ms. Found 2 repository interfaces.
2019-12-10 12:09:18.508  INFO 77664 --- [restartedMain] trationDelegate$BeanPostProcessorChecker : Bean 'org.springframework.transaction.annotation.ProxyTransactionManagementConfiguration' of type [org.springframework.transaction.annotation.ProxyTransactionManagementConfiguration] is not eligible for getting processed by all BeanPostProcessors (for example: not eligible for auto-proxying)
2019-12-10 12:09:18.530  WARN 77664 --- [restartedMain] org.apache.tomcat.util.modeler.Registry  : The MBean registry cannot be disabled because it has already been initialised
2019-12-10 12:09:18.926  INFO 77664 --- [restartedMain] o.s.b.w.embedded.tomcat.TomcatWebServer  : Tomcat initialized with port(s): 8080 (http)
2019-12-10 12:09:18.927  INFO 77664 --- [restartedMain] o.apache.catalina.core.StandardService   : Starting service [Tomcat]
2019-12-10 12:09:18.927  INFO 77664 --- [restartedMain] org.apache.catalina.core.StandardEngine  : Starting Servlet engine: [Apache Tomcat/9.0.27]
2019-12-10 12:09:19.110  INFO 77664 --- [restartedMain] o.a.c.c.C.[Tomcat].[localhost].[/]       : Initializing Spring embedded WebApplicationContext
2019-12-10 12:09:19.115  INFO 77664 --- [restartedMain] o.s.web.context.ContextLoader            : Root WebApplicationContext: initialization completed in 856 ms
2019-12-10 12:09:19.127 DEBUG 77664 --- [restartedMain] o.s.w.f.CommonsRequestLoggingFilter      : Filter 'logFilter' configured for use
2019-12-10 12:09:19.150  INFO 77664 --- [restartedMain] com.zaxxer.hikari.HikariDataSource       : HikariPool-3 - Starting...
2019-12-10 12:09:19.179  INFO 77664 --- [restartedMain] com.zaxxer.hikari.HikariDataSource       : HikariPool-3 - Start completed.
2019-12-10 12:09:19.180  INFO 77664 --- [restartedMain] o.f.c.internal.database.DatabaseFactory  : Database: jdbc:mysql://localhost:3306/expensemanager1 (MySQL 5.7)
2019-12-10 12:09:19.199  INFO 77664 --- [restartedMain] o.f.core.internal.command.DbValidate     : Successfully validated 2 migrations (execution time 00:00.008s)
2019-12-10 12:09:19.211  INFO 77664 --- [restartedMain] o.f.core.internal.command.DbMigrate      : Current version of schema `expensemanager1`: 2
2019-12-10 12:09:19.212  WARN 77664 --- [restartedMain] o.f.core.internal.command.DbMigrate      : Schema `expensemanager1` has a version (2) that is newer than the latest available migration (1) !
2019-12-10 12:09:19.213  INFO 77664 --- [restartedMain] o.f.core.internal.command.DbMigrate      : Schema `expensemanager1` is up to date. No migration necessary.
2019-12-10 12:09:19.233  INFO 77664 --- [restartedMain] o.hibernate.jpa.internal.util.LogHelper  : HHH000204: Processing PersistenceUnitInfo [name: default]
2019-12-10 12:09:19.237  INFO 77664 --- [restartedMain] org.hibernate.dialect.Dialect            : HHH000400: Using dialect: org.hibernate.dialect.MySQL5InnoDBDialect
2019-12-10 12:09:19.543  INFO 77664 --- [restartedMain] o.h.e.t.j.p.i.JtaPlatformInitiator       : HHH000490: Using JtaPlatform implementation: [org.hibernate.engine.transaction.jta.platform.internal.NoJtaPlatform]
2019-12-10 12:09:19.544  INFO 77664 --- [restartedMain] j.LocalContainerEntityManagerFactoryBean : Initialized JPA EntityManagerFactory for persistence unit 'default'
2019-12-10 12:09:19.555  INFO 77664 --- [restartedMain] o.s.b.d.a.OptionalLiveReloadServer       : LiveReload server is running on port 35729
2019-12-10 12:09:19.621  WARN 77664 --- [restartedMain] JpaBaseConfiguration$JpaWebConfiguration : spring.jpa.open-in-view is enabled by default. Therefore, database queries may be performed during view rendering. Explicitly configure spring.jpa.open-in-view to disable this warning
2019-12-10 12:09:19.652  INFO 77664 --- [restartedMain] o.s.s.concurrent.ThreadPoolTaskExecutor  : Initializing ExecutorService 'applicationTaskExecutor'
2019-12-10 12:09:19.744  INFO 77664 --- [restartedMain] o.s.b.w.embedded.tomcat.TomcatWebServer  : Tomcat started on port(s): 8080 (http) with context path ''
2019-12-10 12:09:19.744  INFO 77664 --- [restartedMain] com.example.EasyNotesApplication         : Started EasyNotesApplication in 1.514 seconds (JVM running for 547.081)
2019-12-10 12:09:19.745  INFO 77664 --- [restartedMain] .ConditionEvaluationDeltaLoggingListener : Condition evaluation unchanged
2019-12-10 12:10:04.890  INFO 77664 --- [Thread-16] o.s.s.concurrent.ThreadPoolTaskExecutor  : Shutting down ExecutorService 'applicationTaskExecutor'
2019-12-10 12:10:04.891  INFO 77664 --- [Thread-16] j.LocalContainerEntityManagerFactoryBean : Closing JPA EntityManagerFactory for persistence unit 'default'
2019-12-10 12:10:04.891  INFO 77664 --- [Thread-16] com.zaxxer.hikari.HikariDataSource       : HikariPool-3 - Shutdown initiated...
2019-12-10 12:10:04.897  INFO 77664 --- [Thread-16] com.zaxxer.hikari.HikariDataSource       : HikariPool-3 - Shutdown completed.
2019-12-10 12:10:05.138  INFO 77664 --- [restartedMain] com.example.EasyNotesApplication         : Starting EasyNotesApplication on AnushreeS-PC-215 with PID 77664 (C:\Users\Anushree\Downloads\UpdateExpenseManager-master\target\classes started by Anushree in C:\Users\Anushree\Downloads\UpdateExpenseManager-master)
2019-12-10 12:10:05.138  INFO 77664 --- [restartedMain] com.example.EasyNotesApplication         : No active profile set, falling back to default profiles: default
2019-12-10 12:10:05.315  INFO 77664 --- [restartedMain] .s.d.r.c.RepositoryConfigurationDelegate : Bootstrapping Spring Data repositories in DEFAULT mode.
2019-12-10 12:10:05.331  INFO 77664 --- [restartedMain] .s.d.r.c.RepositoryConfigurationDelegate : Finished Spring Data repository scanning in 15ms. Found 2 repository interfaces.
2019-12-10 12:10:05.374  INFO 77664 --- [restartedMain] trationDelegate$BeanPostProcessorChecker : Bean 'org.springframework.transaction.annotation.ProxyTransactionManagementConfiguration' of type [org.springframework.transaction.annotation.ProxyTransactionManagementConfiguration] is not eligible for getting processed by all BeanPostProcessors (for example: not eligible for auto-proxying)
2019-12-10 12:10:05.393  WARN 77664 --- [restartedMain] org.apache.tomcat.util.modeler.Registry  : The MBean registry cannot be disabled because it has already been initialised
2019-12-10 12:10:05.714  INFO 77664 --- [restartedMain] o.s.b.w.embedded.tomcat.TomcatWebServer  : Tomcat initialized with port(s): 8080 (http)
2019-12-10 12:10:05.715  INFO 77664 --- [restartedMain] o.apache.catalina.core.StandardService   : Starting service [Tomcat]
2019-12-10 12:10:05.715  INFO 77664 --- [restartedMain] org.apache.catalina.core.StandardEngine  : Starting Servlet engine: [Apache Tomcat/9.0.27]
2019-12-10 12:10:05.885  INFO 77664 --- [restartedMain] o.a.c.c.C.[Tomcat].[localhost].[/]       : Initializing Spring embedded WebApplicationContext
2019-12-10 12:10:05.885  INFO 77664 --- [restartedMain] o.s.web.context.ContextLoader            : Root WebApplicationContext: initialization completed in 745 ms
2019-12-10 12:10:05.895 DEBUG 77664 --- [restartedMain] o.s.w.f.CommonsRequestLoggingFilter      : Filter 'logFilter' configured for use
2019-12-10 12:10:05.915  INFO 77664 --- [restartedMain] com.zaxxer.hikari.HikariDataSource       : HikariPool-4 - Starting...
2019-12-10 12:10:05.920  INFO 77664 --- [restartedMain] com.zaxxer.hikari.HikariDataSource       : HikariPool-4 - Start completed.
2019-12-10 12:10:05.921  INFO 77664 --- [restartedMain] o.f.c.internal.database.DatabaseFactory  : Database: jdbc:mysql://localhost:3306/expensemanager1 (MySQL 5.7)
2019-12-10 12:10:05.933  INFO 77664 --- [restartedMain] o.f.core.internal.command.DbValidate     : Successfully validated 2 migrations (execution time 00:00.006s)
2019-12-10 12:10:05.938  INFO 77664 --- [restartedMain] o.f.core.internal.command.DbMigrate      : Current version of schema `expensemanager1`: 2
2019-12-10 12:10:05.939  WARN 77664 --- [restartedMain] o.f.core.internal.command.DbMigrate      : Schema `expensemanager1` has a version (2) that is newer than the latest available migration (1) !
2019-12-10 12:10:05.940  INFO 77664 --- [restartedMain] o.f.core.internal.command.DbMigrate      : Schema `expensemanager1` is up to date. No migration necessary.
2019-12-10 12:10:05.957  INFO 77664 --- [restartedMain] o.hibernate.jpa.internal.util.LogHelper  : HHH000204: Processing PersistenceUnitInfo [name: default]
2019-12-10 12:10:05.961  INFO 77664 --- [restartedMain] org.hibernate.dialect.Dialect            : HHH000400: Using dialect: org.hibernate.dialect.MySQL5InnoDBDialect
2019-12-10 12:10:06.006  INFO 77664 --- [restartedMain] o.h.e.t.j.p.i.JtaPlatformInitiator       : HHH000490: Using JtaPlatform implementation: [org.hibernate.engine.transaction.jta.platform.internal.NoJtaPlatform]
2019-12-10 12:10:06.006  INFO 77664 --- [restartedMain] j.LocalContainerEntityManagerFactoryBean : Initialized JPA EntityManagerFactory for persistence unit 'default'
2019-12-10 12:10:06.013  INFO 77664 --- [restartedMain] o.s.b.d.a.OptionalLiveReloadServer       : LiveReload server is running on port 35729
2019-12-10 12:10:06.054  WARN 77664 --- [restartedMain] ConfigServletWebServerApplicationContext : Exception encountered during context initialization - cancelling refresh attempt: org.springframework.beans.factory.UnsatisfiedDependencyException: Error creating bean with name 'expenseController': Unsatisfied dependency expressed through field 'expenseService'; nested exception is org.springframework.beans.factory.BeanCreationException: Error creating bean with name 'expenseService': Lookup method resolution failed; nested exception is java.lang.IllegalStateException: Failed to introspect Class [com.example.service.ExpenseService] from ClassLoader [org.springframework.boot.devtools.restart.classloader.RestartClassLoader@641e1159]
2019-12-10 12:10:06.055  INFO 77664 --- [restartedMain] j.LocalContainerEntityManagerFactoryBean : Closing JPA EntityManagerFactory for persistence unit 'default'
2019-12-10 12:10:06.055  INFO 77664 --- [restartedMain] com.zaxxer.hikari.HikariDataSource       : HikariPool-4 - Shutdown initiated...
2019-12-10 12:10:06.063  INFO 77664 --- [restartedMain] com.zaxxer.hikari.HikariDataSource       : HikariPool-4 - Shutdown completed.
2019-12-10 12:10:06.063  INFO 77664 --- [restartedMain] o.apache.catalina.core.StandardService   : Stopping service [Tomcat]
2019-12-10 12:10:06.104  INFO 77664 --- [restartedMain] ConditionEvaluationReportLoggingListener : 

Error starting ApplicationContext. To display the conditions report re-run your application with 'debug' enabled.
2019-12-10 12:10:06.159 ERROR 77664 --- [restartedMain] o.s.boot.SpringApplication               : Application run failed

org.springframework.beans.factory.UnsatisfiedDependencyException: Error creating bean with name 'expenseController': Unsatisfied dependency expressed through field 'expenseService'; nested exception is org.springframework.beans.factory.BeanCreationException: Error creating bean with name 'expenseService': Lookup method resolution failed; nested exception is java.lang.IllegalStateException: Failed to introspect Class [com.example.service.ExpenseService] from ClassLoader [org.springframework.boot.devtools.restart.classloader.RestartClassLoader@641e1159]
	at org.springframework.beans.factory.annotation.AutowiredAnnotationBeanPostProcessor$AutowiredFieldElement.inject(AutowiredAnnotationBeanPostProcessor.java:639) ~[spring-beans-5.2.1.RELEASE.jar:5.2.1.RELEASE]
	at org.springframework.beans.factory.annotation.InjectionMetadata.inject(InjectionMetadata.java:116) ~[spring-beans-5.2.1.RELEASE.jar:5.2.1.RELEASE]
	at org.springframework.beans.factory.annotation.AutowiredAnnotationBeanPostProcessor.postProcessProperties(AutowiredAnnotationBeanPostProcessor.java:397) ~[spring-beans-5.2.1.RELEASE.jar:5.2.1.RELEASE]
	at org.springframework.beans.factory.support.AbstractAutowireCapableBeanFactory.populateBean(AbstractAutowireCapableBeanFactory.java:1429) ~[spring-beans-5.2.1.RELEASE.jar:5.2.1.RELEASE]
	at org.springframework.beans.factory.support.AbstractAutowireCapableBeanFactory.doCreateBean(AbstractAutowireCapableBeanFactory.java:594) ~[spring-beans-5.2.1.RELEASE.jar:5.2.1.RELEASE]
	at org.springframework.beans.factory.support.AbstractAutowireCapableBeanFactory.createBean(AbstractAutowireCapableBeanFactory.java:517) ~[spring-beans-5.2.1.RELEASE.jar:5.2.1.RELEASE]
	at org.springframework.beans.factory.support.AbstractBeanFactory.lambda$doGetBean$0(AbstractBeanFactory.java:323) ~[spring-beans-5.2.1.RELEASE.jar:5.2.1.RELEASE]
	at org.springframework.beans.factory.support.DefaultSingletonBeanRegistry.getSingleton(DefaultSingletonBeanRegistry.java:222) ~[spring-beans-5.2.1.RELEASE.jar:5.2.1.RELEASE]
	at org.springframework.beans.factory.support.AbstractBeanFactory.doGetBean(AbstractBeanFactory.java:321) ~[spring-beans-5.2.1.RELEASE.jar:5.2.1.RELEASE]
	at org.springframework.beans.factory.support.AbstractBeanFactory.getBean(AbstractBeanFactory.java:202) ~[spring-beans-5.2.1.RELEASE.jar:5.2.1.RELEASE]
	at org.springframework.beans.factory.support.DefaultListableBeanFactory.preInstantiateSingletons(DefaultListableBeanFactory.java:879) ~[spring-beans-5.2.1.RELEASE.jar:5.2.1.RELEASE]
	at org.springframework.context.support.AbstractApplicationContext.finishBeanFactoryInitialization(AbstractApplicationContext.java:878) ~[spring-context-5.2.1.RELEASE.jar:5.2.1.RELEASE]
	at org.springframework.context.support.AbstractApplicationContext.refresh(AbstractApplicationContext.java:550) ~[spring-context-5.2.1.RELEASE.jar:5.2.1.RELEASE]
	at org.springframework.boot.web.servlet.context.ServletWebServerApplicationContext.refresh(ServletWebServerApplicationContext.java:141) ~[spring-boot-2.2.1.RELEASE.jar:2.2.1.RELEASE]
	at org.springframework.boot.SpringApplication.refresh(SpringApplication.java:747) [spring-boot-2.2.1.RELEASE.jar:2.2.1.RELEASE]
	at org.springframework.boot.SpringApplication.refreshContext(SpringApplication.java:397) [spring-boot-2.2.1.RELEASE.jar:2.2.1.RELEASE]
	at org.springframework.boot.SpringApplication.run(SpringApplication.java:315) [spring-boot-2.2.1.RELEASE.jar:2.2.1.RELEASE]
	at org.springframework.boot.SpringApplication.run(SpringApplication.java:1226) [spring-boot-2.2.1.RELEASE.jar:2.2.1.RELEASE]
	at org.springframework.boot.SpringApplication.run(SpringApplication.java:1215) [spring-boot-2.2.1.RELEASE.jar:2.2.1.RELEASE]
	at com.example.EasyNotesApplication.main(EasyNotesApplication.java:11) [classes/:na]
	at sun.reflect.NativeMethodAccessorImpl.invoke0(Native Method) ~[na:1.8.0_231]
	at sun.reflect.NativeMethodAccessorImpl.invoke(Unknown Source) ~[na:1.8.0_231]
	at sun.reflect.DelegatingMethodAccessorImpl.invoke(Unknown Source) ~[na:1.8.0_231]
	at java.lang.reflect.Method.invoke(Unknown Source) ~[na:1.8.0_231]
	at org.springframework.boot.devtools.restart.RestartLauncher.run(RestartLauncher.java:49) [spring-boot-devtools-2.2.1.RELEASE.jar:2.2.1.RELEASE]
Caused by: org.springframework.beans.factory.BeanCreationException: Error creating bean with name 'expenseService': Lookup method resolution failed; nested exception is java.lang.IllegalStateException: Failed to introspect Class [com.example.service.ExpenseService] from ClassLoader [org.springframework.boot.devtools.restart.classloader.RestartClassLoader@641e1159]
	at org.springframework.beans.factory.annotation.AutowiredAnnotationBeanPostProcessor.determineCandidateConstructors(AutowiredAnnotationBeanPostProcessor.java:287) ~[spring-beans-5.2.1.RELEASE.jar:5.2.1.RELEASE]
	at org.springframework.beans.factory.support.AbstractAutowireCapableBeanFactory.determineConstructorsFromBeanPostProcessors(AbstractAutowireCapableBeanFactory.java:1286) ~[spring-beans-5.2.1.RELEASE.jar:5.2.1.RELEASE]
	at org.springframework.beans.factory.support.AbstractAutowireCapableBeanFactory.createBeanInstance(AbstractAutowireCapableBeanFactory.java:1201) ~[spring-beans-5.2.1.RELEASE.jar:5.2.1.RELEASE]
	at org.springframework.beans.factory.support.AbstractAutowireCapableBeanFactory.doCreateBean(AbstractAutowireCapableBeanFactory.java:557) ~[spring-beans-5.2.1.RELEASE.jar:5.2.1.RELEASE]
	at org.springframework.beans.factory.support.AbstractAutowireCapableBeanFactory.createBean(AbstractAutowireCapableBeanFactory.java:517) ~[spring-beans-5.2.1.RELEASE.jar:5.2.1.RELEASE]
	at org.springframework.beans.factory.support.AbstractBeanFactory.lambda$doGetBean$0(AbstractBeanFactory.java:323) ~[spring-beans-5.2.1.RELEASE.jar:5.2.1.RELEASE]
	at org.springframework.beans.factory.support.DefaultSingletonBeanRegistry.getSingleton(DefaultSingletonBeanRegistry.java:222) ~[spring-beans-5.2.1.RELEASE.jar:5.2.1.RELEASE]
	at org.springframework.beans.factory.support.AbstractBeanFactory.doGetBean(AbstractBeanFactory.java:321) ~[spring-beans-5.2.1.RELEASE.jar:5.2.1.RELEASE]
	at org.springframework.beans.factory.support.AbstractBeanFactory.getBean(AbstractBeanFactory.java:202) ~[spring-beans-5.2.1.RELEASE.jar:5.2.1.RELEASE]
	at org.springframework.beans.factory.config.DependencyDescriptor.resolveCandidate(DependencyDescriptor.java:276) ~[spring-beans-5.2.1.RELEASE.jar:5.2.1.RELEASE]
	at org.springframework.beans.factory.support.DefaultListableBeanFactory.doResolveDependency(DefaultListableBeanFactory.java:1287) ~[spring-beans-5.2.1.RELEASE.jar:5.2.1.RELEASE]
	at org.springframework.beans.factory.support.DefaultListableBeanFactory.resolveDependency(DefaultListableBeanFactory.java:1207) ~[spring-beans-5.2.1.RELEASE.jar:5.2.1.RELEASE]
	at org.springframework.beans.factory.annotation.AutowiredAnnotationBeanPostProcessor$AutowiredFieldElement.inject(AutowiredAnnotationBeanPostProcessor.java:636) ~[spring-beans-5.2.1.RELEASE.jar:5.2.1.RELEASE]
	... 24 common frames omitted
Caused by: java.lang.IllegalStateException: Failed to introspect Class [com.example.service.ExpenseService] from ClassLoader [org.springframework.boot.devtools.restart.classloader.RestartClassLoader@641e1159]
	at org.springframework.util.ReflectionUtils.getDeclaredMethods(ReflectionUtils.java:477) ~[spring-core-5.2.1.RELEASE.jar:5.2.1.RELEASE]
	at org.springframework.util.ReflectionUtils.doWithLocalMethods(ReflectionUtils.java:318) ~[spring-core-5.2.1.RELEASE.jar:5.2.1.RELEASE]
	at org.springframework.beans.factory.annotation.AutowiredAnnotationBeanPostProcessor.determineCandidateConstructors(AutowiredAnnotationBeanPostProcessor.java:265) ~[spring-beans-5.2.1.RELEASE.jar:5.2.1.RELEASE]
	... 36 common frames omitted
Caused by: java.lang.NoClassDefFoundError: Optional
	at java.lang.Class.getDeclaredMethods0(Native Method) ~[na:1.8.0_231]
	at java.lang.Class.privateGetDeclaredMethods(Unknown Source) ~[na:1.8.0_231]
	at java.lang.Class.getDeclaredMethods(Unknown Source) ~[na:1.8.0_231]
	at org.springframework.util.ReflectionUtils.getDeclaredMethods(ReflectionUtils.java:459) ~[spring-core-5.2.1.RELEASE.jar:5.2.1.RELEASE]
	... 38 common frames omitted
Caused by: java.lang.ClassNotFoundException: Optional
	at java.net.URLClassLoader.findClass(Unknown Source) ~[na:1.8.0_231]
	at java.lang.ClassLoader.loadClass(Unknown Source) ~[na:1.8.0_231]
	at sun.misc.Launcher$AppClassLoader.loadClass(Unknown Source) ~[na:1.8.0_231]
	at java.lang.ClassLoader.loadClass(Unknown Source) ~[na:1.8.0_231]
	at org.springframework.boot.devtools.restart.classloader.RestartClassLoader.loadClass(RestartClassLoader.java:144) ~[spring-boot-devtools-2.2.1.RELEASE.jar:2.2.1.RELEASE]
	at java.lang.ClassLoader.loadClass(Unknown Source) ~[na:1.8.0_231]
	... 42 common frames omitted

2019-12-10 12:10:11.700  INFO 77664 --- [restartedMain] com.example.EasyNotesApplication         : Starting EasyNotesApplication on AnushreeS-PC-215 with PID 77664 (C:\Users\Anushree\Downloads\UpdateExpenseManager-master\target\classes started by Anushree in C:\Users\Anushree\Downloads\UpdateExpenseManager-master)
2019-12-10 12:10:11.700  INFO 77664 --- [restartedMain] com.example.EasyNotesApplication         : No active profile set, falling back to default profiles: default
2019-12-10 12:10:11.838  INFO 77664 --- [restartedMain] .s.d.r.c.RepositoryConfigurationDelegate : Bootstrapping Spring Data repositories in DEFAULT mode.
2019-12-10 12:10:11.852  INFO 77664 --- [restartedMain] .s.d.r.c.RepositoryConfigurationDelegate : Finished Spring Data repository scanning in 13ms. Found 2 repository interfaces.
2019-12-10 12:10:11.897  INFO 77664 --- [restartedMain] trationDelegate$BeanPostProcessorChecker : Bean 'org.springframework.transaction.annotation.ProxyTransactionManagementConfiguration' of type [org.springframework.transaction.annotation.ProxyTransactionManagementConfiguration] is not eligible for getting processed by all BeanPostProcessors (for example: not eligible for auto-proxying)
2019-12-10 12:10:11.917  WARN 77664 --- [restartedMain] org.apache.tomcat.util.modeler.Registry  : The MBean registry cannot be disabled because it has already been initialised
2019-12-10 12:10:12.252  INFO 77664 --- [restartedMain] o.s.b.w.embedded.tomcat.TomcatWebServer  : Tomcat initialized with port(s): 8080 (http)
2019-12-10 12:10:12.252  INFO 77664 --- [restartedMain] o.apache.catalina.core.StandardService   : Starting service [Tomcat]
2019-12-10 12:10:12.252  INFO 77664 --- [restartedMain] org.apache.catalina.core.StandardEngine  : Starting Servlet engine: [Apache Tomcat/9.0.27]
2019-12-10 12:10:12.420  INFO 77664 --- [restartedMain] o.a.c.c.C.[Tomcat-1].[localhost].[/]     : Initializing Spring embedded WebApplicationContext
2019-12-10 12:10:12.420  INFO 77664 --- [restartedMain] o.s.web.context.ContextLoader            : Root WebApplicationContext: initialization completed in 718 ms
2019-12-10 12:10:12.431 DEBUG 77664 --- [restartedMain] o.s.w.f.CommonsRequestLoggingFilter      : Filter 'logFilter' configured for use
2019-12-10 12:10:12.449  INFO 77664 --- [restartedMain] com.zaxxer.hikari.HikariDataSource       : HikariPool-5 - Starting...
2019-12-10 12:10:12.454  INFO 77664 --- [restartedMain] com.zaxxer.hikari.HikariDataSource       : HikariPool-5 - Start completed.
2019-12-10 12:10:12.455  INFO 77664 --- [restartedMain] o.f.c.internal.database.DatabaseFactory  : Database: jdbc:mysql://localhost:3306/expensemanager1 (MySQL 5.7)
2019-12-10 12:10:12.463  INFO 77664 --- [restartedMain] o.f.core.internal.command.DbValidate     : Successfully validated 2 migrations (execution time 00:00.003s)
2019-12-10 12:10:12.467  INFO 77664 --- [restartedMain] o.f.core.internal.command.DbMigrate      : Current version of schema `expensemanager1`: 2
2019-12-10 12:10:12.467  WARN 77664 --- [restartedMain] o.f.core.internal.command.DbMigrate      : Schema `expensemanager1` has a version (2) that is newer than the latest available migration (1) !
2019-12-10 12:10:12.468  INFO 77664 --- [restartedMain] o.f.core.internal.command.DbMigrate      : Schema `expensemanager1` is up to date. No migration necessary.
2019-12-10 12:10:12.483  INFO 77664 --- [restartedMain] o.hibernate.jpa.internal.util.LogHelper  : HHH000204: Processing PersistenceUnitInfo [name: default]
2019-12-10 12:10:12.486  INFO 77664 --- [restartedMain] org.hibernate.dialect.Dialect            : HHH000400: Using dialect: org.hibernate.dialect.MySQL5InnoDBDialect
2019-12-10 12:10:12.522  INFO 77664 --- [restartedMain] o.h.e.t.j.p.i.JtaPlatformInitiator       : HHH000490: Using JtaPlatform implementation: [org.hibernate.engine.transaction.jta.platform.internal.NoJtaPlatform]
2019-12-10 12:10:12.523  INFO 77664 --- [restartedMain] j.LocalContainerEntityManagerFactoryBean : Initialized JPA EntityManagerFactory for persistence unit 'default'
2019-12-10 12:10:12.530  INFO 77664 --- [restartedMain] o.s.b.d.a.OptionalLiveReloadServer       : LiveReload server is running on port 35729
2019-12-10 12:10:12.601  WARN 77664 --- [restartedMain] JpaBaseConfiguration$JpaWebConfiguration : spring.jpa.open-in-view is enabled by default. Therefore, database queries may be performed during view rendering. Explicitly configure spring.jpa.open-in-view to disable this warning
2019-12-10 12:10:12.629  INFO 77664 --- [restartedMain] o.s.s.concurrent.ThreadPoolTaskExecutor  : Initializing ExecutorService 'applicationTaskExecutor'
2019-12-10 12:10:12.688  INFO 77664 --- [restartedMain] o.s.b.w.embedded.tomcat.TomcatWebServer  : Tomcat started on port(s): 8080 (http) with context path ''
2019-12-10 12:10:12.688  INFO 77664 --- [restartedMain] com.example.EasyNotesApplication         : Started EasyNotesApplication in 1.012 seconds (JVM running for 600.025)
2019-12-10 12:10:12.689  INFO 77664 --- [restartedMain] .ConditionEvaluationDeltaLoggingListener : Condition evaluation unchanged
2019-12-10 12:10:18.523  INFO 77664 --- [http-nio-8080-exec-1] o.a.c.c.C.[Tomcat-1].[localhost].[/]     : Initializing Spring DispatcherServlet 'dispatcherServlet'
2019-12-10 12:10:18.524  INFO 77664 --- [http-nio-8080-exec-1] o.s.web.servlet.DispatcherServlet        : Initializing Servlet 'dispatcherServlet'
2019-12-10 12:10:18.528  INFO 77664 --- [http-nio-8080-exec-1] o.s.web.servlet.DispatcherServlet        : Completed initialization in 4 ms
2019-12-10 12:10:18.528 DEBUG 77664 --- [http-nio-8080-exec-1] o.s.w.f.CommonsRequestLoggingFilter      : Before request [POST /api/addExpenses]
2019-12-10 12:10:18.542 DEBUG 77664 --- [http-nio-8080-exec-1] org.hibernate.SQL                        : insert into expenses (create_date_time, e_amount, ec_id, update_date_time) values (?, ?, ?, ?)
2019-12-10 12:10:18.619 DEBUG 77664 --- [http-nio-8080-exec-1] o.s.w.f.CommonsRequestLoggingFilter      : REQUEST DATA : POST /api/addExpenses, payload={
	"e_amount":100000
   
}]
2019-12-10 12:11:58.203  INFO 77664 --- [Thread-21] o.s.s.concurrent.ThreadPoolTaskExecutor  : Shutting down ExecutorService 'applicationTaskExecutor'
2019-12-10 12:11:58.203  INFO 77664 --- [Thread-21] j.LocalContainerEntityManagerFactoryBean : Closing JPA EntityManagerFactory for persistence unit 'default'
2019-12-10 12:11:58.204  INFO 77664 --- [Thread-21] com.zaxxer.hikari.HikariDataSource       : HikariPool-5 - Shutdown initiated...
2019-12-10 12:11:58.210  INFO 77664 --- [Thread-21] com.zaxxer.hikari.HikariDataSource       : HikariPool-5 - Shutdown completed.
2019-12-10 12:11:58.464  INFO 77664 --- [restartedMain] com.example.EasyNotesApplication         : Starting EasyNotesApplication on AnushreeS-PC-215 with PID 77664 (C:\Users\Anushree\Downloads\UpdateExpenseManager-master\target\classes started by Anushree in C:\Users\Anushree\Downloads\UpdateExpenseManager-master)
2019-12-10 12:11:58.464  INFO 77664 --- [restartedMain] com.example.EasyNotesApplication         : No active profile set, falling back to default profiles: default
2019-12-10 12:11:58.645  INFO 77664 --- [restartedMain] .s.d.r.c.RepositoryConfigurationDelegate : Bootstrapping Spring Data repositories in DEFAULT mode.
2019-12-10 12:11:58.662  INFO 77664 --- [restartedMain] .s.d.r.c.RepositoryConfigurationDelegate : Finished Spring Data repository scanning in 16ms. Found 2 repository interfaces.
2019-12-10 12:11:58.750  INFO 77664 --- [restartedMain] trationDelegate$BeanPostProcessorChecker : Bean 'org.springframework.transaction.annotation.ProxyTransactionManagementConfiguration' of type [org.springframework.transaction.annotation.ProxyTransactionManagementConfiguration] is not eligible for getting processed by all BeanPostProcessors (for example: not eligible for auto-proxying)
2019-12-10 12:11:58.779  WARN 77664 --- [restartedMain] org.apache.tomcat.util.modeler.Registry  : The MBean registry cannot be disabled because it has already been initialised
2019-12-10 12:11:59.125  INFO 77664 --- [restartedMain] o.s.b.w.embedded.tomcat.TomcatWebServer  : Tomcat initialized with port(s): 8080 (http)
2019-12-10 12:11:59.125  INFO 77664 --- [restartedMain] o.apache.catalina.core.StandardService   : Starting service [Tomcat]
2019-12-10 12:11:59.125  INFO 77664 --- [restartedMain] org.apache.catalina.core.StandardEngine  : Starting Servlet engine: [Apache Tomcat/9.0.27]
2019-12-10 12:11:59.300  INFO 77664 --- [restartedMain] o.a.c.c.C.[Tomcat-1].[localhost].[/]     : Initializing Spring embedded WebApplicationContext
2019-12-10 12:11:59.300  INFO 77664 --- [restartedMain] o.s.web.context.ContextLoader            : Root WebApplicationContext: initialization completed in 833 ms
2019-12-10 12:11:59.312 DEBUG 77664 --- [restartedMain] o.s.w.f.CommonsRequestLoggingFilter      : Filter 'logFilter' configured for use
2019-12-10 12:11:59.332  INFO 77664 --- [restartedMain] com.zaxxer.hikari.HikariDataSource       : HikariPool-6 - Starting...
2019-12-10 12:11:59.338  INFO 77664 --- [restartedMain] com.zaxxer.hikari.HikariDataSource       : HikariPool-6 - Start completed.
2019-12-10 12:11:59.338  INFO 77664 --- [restartedMain] o.f.c.internal.database.DatabaseFactory  : Database: jdbc:mysql://localhost:3306/expensemanager1 (MySQL 5.7)
2019-12-10 12:11:59.369  INFO 77664 --- [restartedMain] o.f.core.internal.command.DbValidate     : Successfully validated 2 migrations (execution time 00:00.011s)
2019-12-10 12:11:59.374  INFO 77664 --- [restartedMain] o.f.core.internal.command.DbMigrate      : Current version of schema `expensemanager1`: 2
2019-12-10 12:11:59.374  WARN 77664 --- [restartedMain] o.f.core.internal.command.DbMigrate      : Schema `expensemanager1` has a version (2) that is newer than the latest available migration (1) !
2019-12-10 12:11:59.375  INFO 77664 --- [restartedMain] o.f.core.internal.command.DbMigrate      : Schema `expensemanager1` is up to date. No migration necessary.
2019-12-10 12:11:59.393  INFO 77664 --- [restartedMain] o.hibernate.jpa.internal.util.LogHelper  : HHH000204: Processing PersistenceUnitInfo [name: default]
2019-12-10 12:11:59.397  INFO 77664 --- [restartedMain] org.hibernate.dialect.Dialect            : HHH000400: Using dialect: org.hibernate.dialect.MySQL5InnoDBDialect
2019-12-10 12:11:59.437 DEBUG 77664 --- [restartedMain] org.hibernate.SQL                        : alter table expensescategory add column ec_id integer not null
2019-12-10 12:12:00.006  INFO 77664 --- [restartedMain] o.h.e.t.j.p.i.JtaPlatformInitiator       : HHH000490: Using JtaPlatform implementation: [org.hibernate.engine.transaction.jta.platform.internal.NoJtaPlatform]
2019-12-10 12:12:00.006  INFO 77664 --- [restartedMain] j.LocalContainerEntityManagerFactoryBean : Initialized JPA EntityManagerFactory for persistence unit 'default'
2019-12-10 12:12:00.014  INFO 77664 --- [restartedMain] o.s.b.d.a.OptionalLiveReloadServer       : LiveReload server is running on port 35729
2019-12-10 12:12:00.076  WARN 77664 --- [restartedMain] JpaBaseConfiguration$JpaWebConfiguration : spring.jpa.open-in-view is enabled by default. Therefore, database queries may be performed during view rendering. Explicitly configure spring.jpa.open-in-view to disable this warning
2019-12-10 12:12:00.104  INFO 77664 --- [restartedMain] o.s.s.concurrent.ThreadPoolTaskExecutor  : Initializing ExecutorService 'applicationTaskExecutor'
2019-12-10 12:12:00.165  INFO 77664 --- [restartedMain] o.s.b.w.embedded.tomcat.TomcatWebServer  : Tomcat started on port(s): 8080 (http) with context path ''
2019-12-10 12:12:00.166  INFO 77664 --- [restartedMain] com.example.EasyNotesApplication         : Started EasyNotesApplication in 1.728 seconds (JVM running for 707.503)
2019-12-10 12:12:00.167  INFO 77664 --- [restartedMain] .ConditionEvaluationDeltaLoggingListener : Condition evaluation unchanged
2019-12-10 12:12:03.746  INFO 77664 --- [http-nio-8080-exec-2] o.a.c.c.C.[Tomcat-1].[localhost].[/]     : Initializing Spring DispatcherServlet 'dispatcherServlet'
2019-12-10 12:12:03.746  INFO 77664 --- [http-nio-8080-exec-2] o.s.web.servlet.DispatcherServlet        : Initializing Servlet 'dispatcherServlet'
2019-12-10 12:12:03.754  INFO 77664 --- [http-nio-8080-exec-2] o.s.web.servlet.DispatcherServlet        : Completed initialization in 8 ms
2019-12-10 12:12:03.755 DEBUG 77664 --- [http-nio-8080-exec-2] o.s.w.f.CommonsRequestLoggingFilter      : Before request [POST /api/addExpenses]
2019-12-10 12:12:03.765 DEBUG 77664 --- [http-nio-8080-exec-2] org.hibernate.SQL                        : insert into expenses (create_date_time, e_amount, ec_id, update_date_time) values (?, ?, ?, ?)
2019-12-10 12:12:03.816 DEBUG 77664 --- [http-nio-8080-exec-2] o.s.w.f.CommonsRequestLoggingFilter      : REQUEST DATA : POST /api/addExpenses, payload={
	"e_amount":100000
   
}]
2019-12-10 12:12:20.148 DEBUG 77664 --- [http-nio-8080-exec-3] o.s.w.f.CommonsRequestLoggingFilter      : Before request [POST /api/addExpenses]
2019-12-10 12:12:20.150 DEBUG 77664 --- [http-nio-8080-exec-3] org.hibernate.SQL                        : insert into expenses (create_date_time, e_amount, ec_id, update_date_time) values (?, ?, ?, ?)
2019-12-10 12:12:20.806 DEBUG 77664 --- [http-nio-8080-exec-3] o.s.w.f.CommonsRequestLoggingFilter      : REQUEST DATA : POST /api/addExpenses, payload={
	"e_amount":100000,
   "ec_id":1
}]
2019-12-10 12:13:57.658  INFO 77664 --- [Thread-29] o.s.s.concurrent.ThreadPoolTaskExecutor  : Shutting down ExecutorService 'applicationTaskExecutor'
2019-12-10 12:13:57.658  INFO 77664 --- [Thread-29] j.LocalContainerEntityManagerFactoryBean : Closing JPA EntityManagerFactory for persistence unit 'default'
2019-12-10 12:13:57.659  INFO 77664 --- [Thread-29] com.zaxxer.hikari.HikariDataSource       : HikariPool-6 - Shutdown initiated...
2019-12-10 12:13:57.665  INFO 77664 --- [Thread-29] com.zaxxer.hikari.HikariDataSource       : HikariPool-6 - Shutdown completed.
2019-12-10 12:13:57.894  INFO 77664 --- [restartedMain] com.example.EasyNotesApplication         : Starting EasyNotesApplication on AnushreeS-PC-215 with PID 77664 (C:\Users\Anushree\Downloads\UpdateExpenseManager-master\target\classes started by Anushree in C:\Users\Anushree\Downloads\UpdateExpenseManager-master)
2019-12-10 12:13:57.894  INFO 77664 --- [restartedMain] com.example.EasyNotesApplication         : No active profile set, falling back to default profiles: default
2019-12-10 12:13:58.061  INFO 77664 --- [restartedMain] .s.d.r.c.RepositoryConfigurationDelegate : Bootstrapping Spring Data repositories in DEFAULT mode.
2019-12-10 12:13:58.076  INFO 77664 --- [restartedMain] .s.d.r.c.RepositoryConfigurationDelegate : Finished Spring Data repository scanning in 15ms. Found 2 repository interfaces.
2019-12-10 12:13:58.117  INFO 77664 --- [restartedMain] trationDelegate$BeanPostProcessorChecker : Bean 'org.springframework.transaction.annotation.ProxyTransactionManagementConfiguration' of type [org.springframework.transaction.annotation.ProxyTransactionManagementConfiguration] is not eligible for getting processed by all BeanPostProcessors (for example: not eligible for auto-proxying)
2019-12-10 12:13:58.136  WARN 77664 --- [restartedMain] org.apache.tomcat.util.modeler.Registry  : The MBean registry cannot be disabled because it has already been initialised
2019-12-10 12:13:58.448  INFO 77664 --- [restartedMain] o.s.b.w.embedded.tomcat.TomcatWebServer  : Tomcat initialized with port(s): 8080 (http)
2019-12-10 12:13:58.448  INFO 77664 --- [restartedMain] o.apache.catalina.core.StandardService   : Starting service [Tomcat]
2019-12-10 12:13:58.448  INFO 77664 --- [restartedMain] org.apache.catalina.core.StandardEngine  : Starting Servlet engine: [Apache Tomcat/9.0.27]
2019-12-10 12:13:58.612  INFO 77664 --- [restartedMain] o.a.c.c.C.[Tomcat-1].[localhost].[/]     : Initializing Spring embedded WebApplicationContext
2019-12-10 12:13:58.612  INFO 77664 --- [restartedMain] o.s.web.context.ContextLoader            : Root WebApplicationContext: initialization completed in 716 ms
2019-12-10 12:13:58.622 DEBUG 77664 --- [restartedMain] o.s.w.f.CommonsRequestLoggingFilter      : Filter 'logFilter' configured for use
2019-12-10 12:13:58.641  INFO 77664 --- [restartedMain] com.zaxxer.hikari.HikariDataSource       : HikariPool-7 - Starting...
2019-12-10 12:13:58.647  INFO 77664 --- [restartedMain] com.zaxxer.hikari.HikariDataSource       : HikariPool-7 - Start completed.
2019-12-10 12:13:58.647  INFO 77664 --- [restartedMain] o.f.c.internal.database.DatabaseFactory  : Database: jdbc:mysql://localhost:3306/expensemanager1 (MySQL 5.7)
2019-12-10 12:13:58.664  INFO 77664 --- [restartedMain] o.f.core.internal.command.DbValidate     : Successfully validated 2 migrations (execution time 00:00.012s)
2019-12-10 12:13:58.670  INFO 77664 --- [restartedMain] o.f.core.internal.command.DbMigrate      : Current version of schema `expensemanager1`: 2
2019-12-10 12:13:58.670  WARN 77664 --- [restartedMain] o.f.core.internal.command.DbMigrate      : Schema `expensemanager1` has a version (2) that is newer than the latest available migration (1) !
2019-12-10 12:13:58.670  INFO 77664 --- [restartedMain] o.f.core.internal.command.DbMigrate      : Schema `expensemanager1` is up to date. No migration necessary.
2019-12-10 12:13:58.688  INFO 77664 --- [restartedMain] o.hibernate.jpa.internal.util.LogHelper  : HHH000204: Processing PersistenceUnitInfo [name: default]
2019-12-10 12:13:58.692  INFO 77664 --- [restartedMain] org.hibernate.dialect.Dialect            : HHH000400: Using dialect: org.hibernate.dialect.MySQL5InnoDBDialect
2019-12-10 12:13:58.729  INFO 77664 --- [restartedMain] o.h.e.t.j.p.i.JtaPlatformInitiator       : HHH000490: Using JtaPlatform implementation: [org.hibernate.engine.transaction.jta.platform.internal.NoJtaPlatform]
2019-12-10 12:13:58.730  INFO 77664 --- [restartedMain] j.LocalContainerEntityManagerFactoryBean : Initialized JPA EntityManagerFactory for persistence unit 'default'
2019-12-10 12:13:58.737  INFO 77664 --- [restartedMain] o.s.b.d.a.OptionalLiveReloadServer       : LiveReload server is running on port 35729
2019-12-10 12:13:58.835  WARN 77664 --- [restartedMain] JpaBaseConfiguration$JpaWebConfiguration : spring.jpa.open-in-view is enabled by default. Therefore, database queries may be performed during view rendering. Explicitly configure spring.jpa.open-in-view to disable this warning
2019-12-10 12:13:58.862  INFO 77664 --- [restartedMain] o.s.s.concurrent.ThreadPoolTaskExecutor  : Initializing ExecutorService 'applicationTaskExecutor'
2019-12-10 12:13:58.935  INFO 77664 --- [restartedMain] o.s.b.w.embedded.tomcat.TomcatWebServer  : Tomcat started on port(s): 8080 (http) with context path ''
2019-12-10 12:13:58.936  INFO 77664 --- [restartedMain] com.example.EasyNotesApplication         : Started EasyNotesApplication in 1.066 seconds (JVM running for 826.273)
2019-12-10 12:13:58.937  INFO 77664 --- [restartedMain] .ConditionEvaluationDeltaLoggingListener : Condition evaluation unchanged
2019-12-10 12:14:36.865  INFO 77664 --- [http-nio-8080-exec-2] o.a.c.c.C.[Tomcat-1].[localhost].[/]     : Initializing Spring DispatcherServlet 'dispatcherServlet'
2019-12-10 12:14:36.865  INFO 77664 --- [http-nio-8080-exec-2] o.s.web.servlet.DispatcherServlet        : Initializing Servlet 'dispatcherServlet'
2019-12-10 12:14:36.870  INFO 77664 --- [http-nio-8080-exec-2] o.s.web.servlet.DispatcherServlet        : Completed initialization in 5 ms
2019-12-10 12:14:36.870 DEBUG 77664 --- [http-nio-8080-exec-2] o.s.w.f.CommonsRequestLoggingFilter      : Before request [GET /api/showmonthwise]
2019-12-10 12:14:36.883 DEBUG 77664 --- [http-nio-8080-exec-2] org.hibernate.SQL                        : select monthname(expenses0_.create_date_time) as col_0_0_, year(expenses0_.create_date_time) as col_1_0_, sum(expenses0_.e_amount) as col_2_0_ from expenses expenses0_ group by monthname(expenses0_.create_date_time)
2019-12-10 12:14:37.104 DEBUG 77664 --- [http-nio-8080-exec-2] o.s.w.f.CommonsRequestLoggingFilter      : REQUEST DATA : GET /api/showmonthwise]
2019-12-10 12:16:05.498  INFO 77664 --- [Thread-34] o.s.s.concurrent.ThreadPoolTaskExecutor  : Shutting down ExecutorService 'applicationTaskExecutor'
2019-12-10 12:16:05.499  INFO 77664 --- [Thread-34] j.LocalContainerEntityManagerFactoryBean : Closing JPA EntityManagerFactory for persistence unit 'default'
2019-12-10 12:16:05.500  INFO 77664 --- [Thread-34] com.zaxxer.hikari.HikariDataSource       : HikariPool-7 - Shutdown initiated...
2019-12-10 12:16:05.506  INFO 77664 --- [Thread-34] com.zaxxer.hikari.HikariDataSource       : HikariPool-7 - Shutdown completed.
2019-12-10 12:16:05.732  INFO 77664 --- [restartedMain] com.example.EasyNotesApplication         : Starting EasyNotesApplication on AnushreeS-PC-215 with PID 77664 (C:\Users\Anushree\Downloads\UpdateExpenseManager-master\target\classes started by Anushree in C:\Users\Anushree\Downloads\UpdateExpenseManager-master)
2019-12-10 12:16:05.732  INFO 77664 --- [restartedMain] com.example.EasyNotesApplication         : No active profile set, falling back to default profiles: default
2019-12-10 12:16:05.904  INFO 77664 --- [restartedMain] .s.d.r.c.RepositoryConfigurationDelegate : Bootstrapping Spring Data repositories in DEFAULT mode.
2019-12-10 12:16:05.921  INFO 77664 --- [restartedMain] .s.d.r.c.RepositoryConfigurationDelegate : Finished Spring Data repository scanning in 16ms. Found 2 repository interfaces.
2019-12-10 12:16:05.964  INFO 77664 --- [restartedMain] trationDelegate$BeanPostProcessorChecker : Bean 'org.springframework.transaction.annotation.ProxyTransactionManagementConfiguration' of type [org.springframework.transaction.annotation.ProxyTransactionManagementConfiguration] is not eligible for getting processed by all BeanPostProcessors (for example: not eligible for auto-proxying)
2019-12-10 12:16:05.984  WARN 77664 --- [restartedMain] org.apache.tomcat.util.modeler.Registry  : The MBean registry cannot be disabled because it has already been initialised
2019-12-10 12:16:06.295  INFO 77664 --- [restartedMain] o.s.b.w.embedded.tomcat.TomcatWebServer  : Tomcat initialized with port(s): 8080 (http)
2019-12-10 12:16:06.296  INFO 77664 --- [restartedMain] o.apache.catalina.core.StandardService   : Starting service [Tomcat]
2019-12-10 12:16:06.296  INFO 77664 --- [restartedMain] org.apache.catalina.core.StandardEngine  : Starting Servlet engine: [Apache Tomcat/9.0.27]
2019-12-10 12:16:06.475  INFO 77664 --- [restartedMain] o.a.c.c.C.[Tomcat-1].[localhost].[/]     : Initializing Spring embedded WebApplicationContext
2019-12-10 12:16:06.476  INFO 77664 --- [restartedMain] o.s.web.context.ContextLoader            : Root WebApplicationContext: initialization completed in 742 ms
2019-12-10 12:16:06.485 DEBUG 77664 --- [restartedMain] o.s.w.f.CommonsRequestLoggingFilter      : Filter 'logFilter' configured for use
2019-12-10 12:16:06.505  INFO 77664 --- [restartedMain] com.zaxxer.hikari.HikariDataSource       : HikariPool-8 - Starting...
2019-12-10 12:16:06.510  INFO 77664 --- [restartedMain] com.zaxxer.hikari.HikariDataSource       : HikariPool-8 - Start completed.
2019-12-10 12:16:06.510  INFO 77664 --- [restartedMain] o.f.c.internal.database.DatabaseFactory  : Database: jdbc:mysql://localhost:3306/expensemanager1 (MySQL 5.7)
2019-12-10 12:16:06.527  INFO 77664 --- [restartedMain] o.f.core.internal.command.DbValidate     : Successfully validated 2 migrations (execution time 00:00.012s)
2019-12-10 12:16:06.532  INFO 77664 --- [restartedMain] o.f.core.internal.command.DbMigrate      : Current version of schema `expensemanager1`: 2
2019-12-10 12:16:06.532  WARN 77664 --- [restartedMain] o.f.core.internal.command.DbMigrate      : Schema `expensemanager1` has a version (2) that is newer than the latest available migration (1) !
2019-12-10 12:16:06.533  INFO 77664 --- [restartedMain] o.f.core.internal.command.DbMigrate      : Schema `expensemanager1` is up to date. No migration necessary.
2019-12-10 12:16:06.549  INFO 77664 --- [restartedMain] o.hibernate.jpa.internal.util.LogHelper  : HHH000204: Processing PersistenceUnitInfo [name: default]
2019-12-10 12:16:06.554  INFO 77664 --- [restartedMain] org.hibernate.dialect.Dialect            : HHH000400: Using dialect: org.hibernate.dialect.MySQL5InnoDBDialect
2019-12-10 12:16:06.590  INFO 77664 --- [restartedMain] o.h.e.t.j.p.i.JtaPlatformInitiator       : HHH000490: Using JtaPlatform implementation: [org.hibernate.engine.transaction.jta.platform.internal.NoJtaPlatform]
2019-12-10 12:16:06.590  INFO 77664 --- [restartedMain] j.LocalContainerEntityManagerFactoryBean : Initialized JPA EntityManagerFactory for persistence unit 'default'
2019-12-10 12:16:06.597  INFO 77664 --- [restartedMain] o.s.b.d.a.OptionalLiveReloadServer       : LiveReload server is running on port 35729
2019-12-10 12:16:06.665  WARN 77664 --- [restartedMain] JpaBaseConfiguration$JpaWebConfiguration : spring.jpa.open-in-view is enabled by default. Therefore, database queries may be performed during view rendering. Explicitly configure spring.jpa.open-in-view to disable this warning
2019-12-10 12:16:06.695  INFO 77664 --- [restartedMain] o.s.s.concurrent.ThreadPoolTaskExecutor  : Initializing ExecutorService 'applicationTaskExecutor'
2019-12-10 12:16:06.771  INFO 77664 --- [restartedMain] o.s.b.w.embedded.tomcat.TomcatWebServer  : Tomcat started on port(s): 8080 (http) with context path ''
2019-12-10 12:16:06.771  INFO 77664 --- [restartedMain] com.example.EasyNotesApplication         : Started EasyNotesApplication in 1.068 seconds (JVM running for 954.108)
2019-12-10 12:16:06.773  INFO 77664 --- [restartedMain] .ConditionEvaluationDeltaLoggingListener : Condition evaluation unchanged
2019-12-10 12:16:35.600  INFO 77664 --- [Thread-39] o.s.s.concurrent.ThreadPoolTaskExecutor  : Shutting down ExecutorService 'applicationTaskExecutor'
2019-12-10 12:16:35.600  INFO 77664 --- [Thread-39] j.LocalContainerEntityManagerFactoryBean : Closing JPA EntityManagerFactory for persistence unit 'default'
2019-12-10 12:16:35.601  INFO 77664 --- [Thread-39] com.zaxxer.hikari.HikariDataSource       : HikariPool-8 - Shutdown initiated...
2019-12-10 12:16:35.608  INFO 77664 --- [Thread-39] com.zaxxer.hikari.HikariDataSource       : HikariPool-8 - Shutdown completed.
2019-12-10 12:16:35.827  INFO 77664 --- [restartedMain] com.example.EasyNotesApplication         : Starting EasyNotesApplication on AnushreeS-PC-215 with PID 77664 (C:\Users\Anushree\Downloads\UpdateExpenseManager-master\target\classes started by Anushree in C:\Users\Anushree\Downloads\UpdateExpenseManager-master)
2019-12-10 12:16:35.827  INFO 77664 --- [restartedMain] com.example.EasyNotesApplication         : No active profile set, falling back to default profiles: default
2019-12-10 12:16:35.967  INFO 77664 --- [restartedMain] .s.d.r.c.RepositoryConfigurationDelegate : Bootstrapping Spring Data repositories in DEFAULT mode.
2019-12-10 12:16:35.982  INFO 77664 --- [restartedMain] .s.d.r.c.RepositoryConfigurationDelegate : Finished Spring Data repository scanning in 14ms. Found 2 repository interfaces.
2019-12-10 12:16:36.027  INFO 77664 --- [restartedMain] trationDelegate$BeanPostProcessorChecker : Bean 'org.springframework.transaction.annotation.ProxyTransactionManagementConfiguration' of type [org.springframework.transaction.annotation.ProxyTransactionManagementConfiguration] is not eligible for getting processed by all BeanPostProcessors (for example: not eligible for auto-proxying)
2019-12-10 12:16:36.049  WARN 77664 --- [restartedMain] org.apache.tomcat.util.modeler.Registry  : The MBean registry cannot be disabled because it has already been initialised
2019-12-10 12:16:36.408  INFO 77664 --- [restartedMain] o.s.b.w.embedded.tomcat.TomcatWebServer  : Tomcat initialized with port(s): 8080 (http)
2019-12-10 12:16:36.409  INFO 77664 --- [restartedMain] o.apache.catalina.core.StandardService   : Starting service [Tomcat]
2019-12-10 12:16:36.409  INFO 77664 --- [restartedMain] org.apache.catalina.core.StandardEngine  : Starting Servlet engine: [Apache Tomcat/9.0.27]
2019-12-10 12:16:36.583  INFO 77664 --- [restartedMain] o.a.c.c.C.[Tomcat-1].[localhost].[/]     : Initializing Spring embedded WebApplicationContext
2019-12-10 12:16:36.583  INFO 77664 --- [restartedMain] o.s.web.context.ContextLoader            : Root WebApplicationContext: initialization completed in 754 ms
2019-12-10 12:16:36.594 DEBUG 77664 --- [restartedMain] o.s.w.f.CommonsRequestLoggingFilter      : Filter 'logFilter' configured for use
2019-12-10 12:16:36.612  INFO 77664 --- [restartedMain] com.zaxxer.hikari.HikariDataSource       : HikariPool-9 - Starting...
2019-12-10 12:16:36.617  INFO 77664 --- [restartedMain] com.zaxxer.hikari.HikariDataSource       : HikariPool-9 - Start completed.
2019-12-10 12:16:36.618  INFO 77664 --- [restartedMain] o.f.c.internal.database.DatabaseFactory  : Database: jdbc:mysql://localhost:3306/expensemanager1 (MySQL 5.7)
2019-12-10 12:16:36.635  INFO 77664 --- [restartedMain] o.f.core.internal.command.DbValidate     : Successfully validated 2 migrations (execution time 00:00.012s)
2019-12-10 12:16:36.640  INFO 77664 --- [restartedMain] o.f.core.internal.command.DbMigrate      : Current version of schema `expensemanager1`: 2
2019-12-10 12:16:36.641  INFO 77664 --- [restartedMain] o.f.core.internal.command.DbMigrate      : Schema `expensemanager1` is up to date. No migration necessary.
2019-12-10 12:16:36.659  INFO 77664 --- [restartedMain] o.hibernate.jpa.internal.util.LogHelper  : HHH000204: Processing PersistenceUnitInfo [name: default]
2019-12-10 12:16:36.662  INFO 77664 --- [restartedMain] org.hibernate.dialect.Dialect            : HHH000400: Using dialect: org.hibernate.dialect.MySQL5InnoDBDialect
2019-12-10 12:16:36.696  INFO 77664 --- [restartedMain] o.h.e.t.j.p.i.JtaPlatformInitiator       : HHH000490: Using JtaPlatform implementation: [org.hibernate.engine.transaction.jta.platform.internal.NoJtaPlatform]
2019-12-10 12:16:36.696  INFO 77664 --- [restartedMain] j.LocalContainerEntityManagerFactoryBean : Initialized JPA EntityManagerFactory for persistence unit 'default'
2019-12-10 12:16:36.703  INFO 77664 --- [restartedMain] o.s.b.d.a.OptionalLiveReloadServer       : LiveReload server is running on port 35729
2019-12-10 12:16:36.776  WARN 77664 --- [restartedMain] JpaBaseConfiguration$JpaWebConfiguration : spring.jpa.open-in-view is enabled by default. Therefore, database queries may be performed during view rendering. Explicitly configure spring.jpa.open-in-view to disable this warning
2019-12-10 12:16:36.808  INFO 77664 --- [restartedMain] o.s.s.concurrent.ThreadPoolTaskExecutor  : Initializing ExecutorService 'applicationTaskExecutor'
2019-12-10 12:16:36.870  INFO 77664 --- [restartedMain] o.s.b.w.embedded.tomcat.TomcatWebServer  : Tomcat started on port(s): 8080 (http) with context path ''
2019-12-10 12:16:36.871  INFO 77664 --- [restartedMain] com.example.EasyNotesApplication         : Started EasyNotesApplication in 1.07 seconds (JVM running for 984.208)
2019-12-10 12:16:36.872  INFO 77664 --- [restartedMain] .ConditionEvaluationDeltaLoggingListener : Condition evaluation unchanged
2019-12-10 12:16:51.067  INFO 77664 --- [http-nio-8080-exec-2] o.a.c.c.C.[Tomcat-1].[localhost].[/]     : Initializing Spring DispatcherServlet 'dispatcherServlet'
2019-12-10 12:16:51.069  INFO 77664 --- [http-nio-8080-exec-2] o.s.web.servlet.DispatcherServlet        : Initializing Servlet 'dispatcherServlet'
2019-12-10 12:16:51.075  INFO 77664 --- [http-nio-8080-exec-2] o.s.web.servlet.DispatcherServlet        : Completed initialization in 6 ms
2019-12-10 12:16:51.076 DEBUG 77664 --- [http-nio-8080-exec-2] o.s.w.f.CommonsRequestLoggingFilter      : Before request [POST /api/addExpenses]
2019-12-10 12:16:51.087 DEBUG 77664 --- [http-nio-8080-exec-2] org.hibernate.SQL                        : insert into expenses (create_date_time, e_amount, ec_id, update_date_time) values (?, ?, ?, ?)
2019-12-10 12:16:51.153 DEBUG 77664 --- [http-nio-8080-exec-2] o.s.w.f.CommonsRequestLoggingFilter      : REQUEST DATA : POST /api/addExpenses, payload={
	
			"e_amount" : 10000
	}]
2019-12-10 12:17:00.779 DEBUG 77664 --- [http-nio-8080-exec-3] o.s.w.f.CommonsRequestLoggingFilter      : Before request [POST /api/addCategory]
2019-12-10 12:17:00.785 DEBUG 77664 --- [http-nio-8080-exec-3] org.hibernate.SQL                        : insert into expensescategory (category_name, ec_id) values (?, ?)
2019-12-10 12:17:00.848 DEBUG 77664 --- [http-nio-8080-exec-3] o.s.w.f.CommonsRequestLoggingFilter      : REQUEST DATA : POST /api/addCategory, payload={

			"categoryName" : "xyz"
	}
]
2019-12-10 12:17:33.183  INFO 77664 --- [Thread-44] o.s.s.concurrent.ThreadPoolTaskExecutor  : Shutting down ExecutorService 'applicationTaskExecutor'
2019-12-10 12:17:33.183  INFO 77664 --- [Thread-44] j.LocalContainerEntityManagerFactoryBean : Closing JPA EntityManagerFactory for persistence unit 'default'
2019-12-10 12:17:33.184  INFO 77664 --- [Thread-44] com.zaxxer.hikari.HikariDataSource       : HikariPool-9 - Shutdown initiated...
2019-12-10 12:17:33.189  INFO 77664 --- [Thread-44] com.zaxxer.hikari.HikariDataSource       : HikariPool-9 - Shutdown completed.
2019-12-10 12:17:33.407  INFO 77664 --- [restartedMain] com.example.EasyNotesApplication         : Starting EasyNotesApplication on AnushreeS-PC-215 with PID 77664 (C:\Users\Anushree\Downloads\UpdateExpenseManager-master\target\classes started by Anushree in C:\Users\Anushree\Downloads\UpdateExpenseManager-master)
2019-12-10 12:17:33.407  INFO 77664 --- [restartedMain] com.example.EasyNotesApplication         : No active profile set, falling back to default profiles: default
2019-12-10 12:17:33.586  INFO 77664 --- [restartedMain] .s.d.r.c.RepositoryConfigurationDelegate : Bootstrapping Spring Data repositories in DEFAULT mode.
2019-12-10 12:17:33.603  INFO 77664 --- [restartedMain] .s.d.r.c.RepositoryConfigurationDelegate : Finished Spring Data repository scanning in 16ms. Found 2 repository interfaces.
2019-12-10 12:17:33.660  INFO 77664 --- [restartedMain] trationDelegate$BeanPostProcessorChecker : Bean 'org.springframework.transaction.annotation.ProxyTransactionManagementConfiguration' of type [org.springframework.transaction.annotation.ProxyTransactionManagementConfiguration] is not eligible for getting processed by all BeanPostProcessors (for example: not eligible for auto-proxying)
2019-12-10 12:17:33.681  WARN 77664 --- [restartedMain] org.apache.tomcat.util.modeler.Registry  : The MBean registry cannot be disabled because it has already been initialised
2019-12-10 12:17:34.076  INFO 77664 --- [restartedMain] o.s.b.w.embedded.tomcat.TomcatWebServer  : Tomcat initialized with port(s): 8080 (http)
2019-12-10 12:17:34.077  INFO 77664 --- [restartedMain] o.apache.catalina.core.StandardService   : Starting service [Tomcat]
2019-12-10 12:17:34.077  INFO 77664 --- [restartedMain] org.apache.catalina.core.StandardEngine  : Starting Servlet engine: [Apache Tomcat/9.0.27]
2019-12-10 12:17:34.263  INFO 77664 --- [restartedMain] o.a.c.c.C.[Tomcat-1].[localhost].[/]     : Initializing Spring embedded WebApplicationContext
2019-12-10 12:17:34.264  INFO 77664 --- [restartedMain] o.s.web.context.ContextLoader            : Root WebApplicationContext: initialization completed in 856 ms
2019-12-10 12:17:34.275 DEBUG 77664 --- [restartedMain] o.s.w.f.CommonsRequestLoggingFilter      : Filter 'logFilter' configured for use
2019-12-10 12:17:34.294  INFO 77664 --- [restartedMain] com.zaxxer.hikari.HikariDataSource       : HikariPool-10 - Starting...
2019-12-10 12:17:34.299  INFO 77664 --- [restartedMain] com.zaxxer.hikari.HikariDataSource       : HikariPool-10 - Start completed.
2019-12-10 12:17:34.300  INFO 77664 --- [restartedMain] o.f.c.internal.database.DatabaseFactory  : Database: jdbc:mysql://localhost:3306/expensemanager1 (MySQL 5.7)
2019-12-10 12:17:34.314  INFO 77664 --- [restartedMain] o.f.core.internal.command.DbValidate     : Successfully validated 2 migrations (execution time 00:00.011s)
2019-12-10 12:17:34.318  INFO 77664 --- [restartedMain] o.f.core.internal.command.DbMigrate      : Current version of schema `expensemanager1`: 2
2019-12-10 12:17:34.318  INFO 77664 --- [restartedMain] o.f.core.internal.command.DbMigrate      : Schema `expensemanager1` is up to date. No migration necessary.
2019-12-10 12:17:34.333  INFO 77664 --- [restartedMain] o.hibernate.jpa.internal.util.LogHelper  : HHH000204: Processing PersistenceUnitInfo [name: default]
2019-12-10 12:17:34.336  INFO 77664 --- [restartedMain] org.hibernate.dialect.Dialect            : HHH000400: Using dialect: org.hibernate.dialect.MySQL5InnoDBDialect
2019-12-10 12:17:34.373  INFO 77664 --- [restartedMain] o.h.e.t.j.p.i.JtaPlatformInitiator       : HHH000490: Using JtaPlatform implementation: [org.hibernate.engine.transaction.jta.platform.internal.NoJtaPlatform]
2019-12-10 12:17:34.373  INFO 77664 --- [restartedMain] j.LocalContainerEntityManagerFactoryBean : Initialized JPA EntityManagerFactory for persistence unit 'default'
2019-12-10 12:17:34.381  INFO 77664 --- [restartedMain] o.s.b.d.a.OptionalLiveReloadServer       : LiveReload server is running on port 35729
2019-12-10 12:17:34.447  WARN 77664 --- [restartedMain] JpaBaseConfiguration$JpaWebConfiguration : spring.jpa.open-in-view is enabled by default. Therefore, database queries may be performed during view rendering. Explicitly configure spring.jpa.open-in-view to disable this warning
2019-12-10 12:17:34.477  INFO 77664 --- [restartedMain] o.s.s.concurrent.ThreadPoolTaskExecutor  : Initializing ExecutorService 'applicationTaskExecutor'
2019-12-10 12:17:34.541  INFO 77664 --- [restartedMain] o.s.b.w.embedded.tomcat.TomcatWebServer  : Tomcat started on port(s): 8080 (http) with context path ''
2019-12-10 12:17:34.542  INFO 77664 --- [restartedMain] com.example.EasyNotesApplication         : Started EasyNotesApplication in 1.158 seconds (JVM running for 1041.878)
2019-12-10 12:17:34.543  INFO 77664 --- [restartedMain] .ConditionEvaluationDeltaLoggingListener : Condition evaluation unchanged
2019-12-10 12:17:39.493  INFO 77664 --- [http-nio-8080-exec-2] o.a.c.c.C.[Tomcat-1].[localhost].[/]     : Initializing Spring DispatcherServlet 'dispatcherServlet'
2019-12-10 12:17:39.495  INFO 77664 --- [http-nio-8080-exec-2] o.s.web.servlet.DispatcherServlet        : Initializing Servlet 'dispatcherServlet'
2019-12-10 12:17:39.503  INFO 77664 --- [http-nio-8080-exec-2] o.s.web.servlet.DispatcherServlet        : Completed initialization in 8 ms
2019-12-10 12:17:39.503 DEBUG 77664 --- [http-nio-8080-exec-2] o.s.w.f.CommonsRequestLoggingFilter      : Before request [POST /api/addCategory]
2019-12-10 12:17:39.512 DEBUG 77664 --- [http-nio-8080-exec-2] org.hibernate.SQL                        : insert into expensescategory (category_name) values (?)
2019-12-10 12:17:39.638  WARN 77664 --- [http-nio-8080-exec-2] o.h.engine.jdbc.spi.SqlExceptionHelper   : SQL Error: 1364, SQLState: HY000
2019-12-10 12:17:39.638 ERROR 77664 --- [http-nio-8080-exec-2] o.h.engine.jdbc.spi.SqlExceptionHelper   : Field 'ec_id' doesn't have a default value
2019-12-10 12:17:39.732  WARN 77664 --- [http-nio-8080-exec-2] .m.m.a.ExceptionHandlerExceptionResolver : Resolved [org.springframework.orm.jpa.JpaSystemException: could not execute statement; nested exception is org.hibernate.exception.GenericJDBCException: could not execute statement]
2019-12-10 12:17:39.733 DEBUG 77664 --- [http-nio-8080-exec-2] o.s.w.f.CommonsRequestLoggingFilter      : REQUEST DATA : POST /api/addCategory, payload={

			"categoryName" : "xyz"
	}
]
2019-12-10 12:18:09.567  INFO 77664 --- [Thread-49] o.s.s.concurrent.ThreadPoolTaskExecutor  : Shutting down ExecutorService 'applicationTaskExecutor'
2019-12-10 12:18:09.568  INFO 77664 --- [Thread-49] j.LocalContainerEntityManagerFactoryBean : Closing JPA EntityManagerFactory for persistence unit 'default'
2019-12-10 12:18:09.571  INFO 77664 --- [Thread-49] com.zaxxer.hikari.HikariDataSource       : HikariPool-10 - Shutdown initiated...
2019-12-10 12:18:09.589  INFO 77664 --- [Thread-49] com.zaxxer.hikari.HikariDataSource       : HikariPool-10 - Shutdown completed.
2019-12-10 12:18:09.815  INFO 77664 --- [restartedMain] com.example.EasyNotesApplication         : Starting EasyNotesApplication on AnushreeS-PC-215 with PID 77664 (C:\Users\Anushree\Downloads\UpdateExpenseManager-master\target\classes started by Anushree in C:\Users\Anushree\Downloads\UpdateExpenseManager-master)
2019-12-10 12:18:09.815  INFO 77664 --- [restartedMain] com.example.EasyNotesApplication         : No active profile set, falling back to default profiles: default
2019-12-10 12:18:09.988  INFO 77664 --- [restartedMain] .s.d.r.c.RepositoryConfigurationDelegate : Bootstrapping Spring Data repositories in DEFAULT mode.
2019-12-10 12:18:10.004  INFO 77664 --- [restartedMain] .s.d.r.c.RepositoryConfigurationDelegate : Finished Spring Data repository scanning in 15ms. Found 2 repository interfaces.
2019-12-10 12:18:10.045  INFO 77664 --- [restartedMain] trationDelegate$BeanPostProcessorChecker : Bean 'org.springframework.transaction.annotation.ProxyTransactionManagementConfiguration' of type [org.springframework.transaction.annotation.ProxyTransactionManagementConfiguration] is not eligible for getting processed by all BeanPostProcessors (for example: not eligible for auto-proxying)
2019-12-10 12:18:10.065  WARN 77664 --- [restartedMain] org.apache.tomcat.util.modeler.Registry  : The MBean registry cannot be disabled because it has already been initialised
2019-12-10 12:18:10.447  INFO 77664 --- [restartedMain] o.s.b.w.embedded.tomcat.TomcatWebServer  : Tomcat initialized with port(s): 8080 (http)
2019-12-10 12:18:10.448  INFO 77664 --- [restartedMain] o.apache.catalina.core.StandardService   : Starting service [Tomcat]
2019-12-10 12:18:10.448  INFO 77664 --- [restartedMain] org.apache.catalina.core.StandardEngine  : Starting Servlet engine: [Apache Tomcat/9.0.27]
2019-12-10 12:18:10.619  INFO 77664 --- [restartedMain] o.a.c.c.C.[Tomcat-1].[localhost].[/]     : Initializing Spring embedded WebApplicationContext
2019-12-10 12:18:10.619  INFO 77664 --- [restartedMain] o.s.web.context.ContextLoader            : Root WebApplicationContext: initialization completed in 803 ms
2019-12-10 12:18:10.629 DEBUG 77664 --- [restartedMain] o.s.w.f.CommonsRequestLoggingFilter      : Filter 'logFilter' configured for use
2019-12-10 12:18:10.648  INFO 77664 --- [restartedMain] com.zaxxer.hikari.HikariDataSource       : HikariPool-11 - Starting...
2019-12-10 12:18:10.653  INFO 77664 --- [restartedMain] com.zaxxer.hikari.HikariDataSource       : HikariPool-11 - Start completed.
2019-12-10 12:18:10.654  INFO 77664 --- [restartedMain] o.f.c.internal.database.DatabaseFactory  : Database: jdbc:mysql://localhost:3306/expensemanager1 (MySQL 5.7)
2019-12-10 12:18:10.670  INFO 77664 --- [restartedMain] o.f.core.internal.command.DbValidate     : Successfully validated 2 migrations (execution time 00:00.011s)
2019-12-10 12:18:10.675  INFO 77664 --- [restartedMain] o.f.core.internal.command.DbMigrate      : Current version of schema `expensemanager1`: 2
2019-12-10 12:18:10.676  INFO 77664 --- [restartedMain] o.f.core.internal.command.DbMigrate      : Schema `expensemanager1` is up to date. No migration necessary.
2019-12-10 12:18:10.692  INFO 77664 --- [restartedMain] o.hibernate.jpa.internal.util.LogHelper  : HHH000204: Processing PersistenceUnitInfo [name: default]
2019-12-10 12:18:10.696  INFO 77664 --- [restartedMain] org.hibernate.dialect.Dialect            : HHH000400: Using dialect: org.hibernate.dialect.MySQL5InnoDBDialect
2019-12-10 12:18:10.727  INFO 77664 --- [restartedMain] o.h.e.t.j.p.i.JtaPlatformInitiator       : HHH000490: Using JtaPlatform implementation: [org.hibernate.engine.transaction.jta.platform.internal.NoJtaPlatform]
2019-12-10 12:18:10.728  INFO 77664 --- [restartedMain] j.LocalContainerEntityManagerFactoryBean : Initialized JPA EntityManagerFactory for persistence unit 'default'
2019-12-10 12:18:10.736  INFO 77664 --- [restartedMain] o.s.b.d.a.OptionalLiveReloadServer       : LiveReload server is running on port 35729
2019-12-10 12:18:10.814  WARN 77664 --- [restartedMain] JpaBaseConfiguration$JpaWebConfiguration : spring.jpa.open-in-view is enabled by default. Therefore, database queries may be performed during view rendering. Explicitly configure spring.jpa.open-in-view to disable this warning
2019-12-10 12:18:10.848  INFO 77664 --- [restartedMain] o.s.s.concurrent.ThreadPoolTaskExecutor  : Initializing ExecutorService 'applicationTaskExecutor'
2019-12-10 12:18:10.934  INFO 77664 --- [restartedMain] o.s.b.w.embedded.tomcat.TomcatWebServer  : Tomcat started on port(s): 8080 (http) with context path ''
2019-12-10 12:18:10.934  INFO 77664 --- [restartedMain] com.example.EasyNotesApplication         : Started EasyNotesApplication in 1.143 seconds (JVM running for 1078.271)
2019-12-10 12:18:10.935  INFO 77664 --- [restartedMain] .ConditionEvaluationDeltaLoggingListener : Condition evaluation unchanged
2019-12-10 12:18:15.102  INFO 77664 --- [http-nio-8080-exec-2] o.a.c.c.C.[Tomcat-1].[localhost].[/]     : Initializing Spring DispatcherServlet 'dispatcherServlet'
2019-12-10 12:18:15.102  INFO 77664 --- [http-nio-8080-exec-2] o.s.web.servlet.DispatcherServlet        : Initializing Servlet 'dispatcherServlet'
2019-12-10 12:18:15.106  INFO 77664 --- [http-nio-8080-exec-2] o.s.web.servlet.DispatcherServlet        : Completed initialization in 4 ms
2019-12-10 12:18:15.107 DEBUG 77664 --- [http-nio-8080-exec-2] o.s.w.f.CommonsRequestLoggingFilter      : Before request [POST /api/addCategory]
2019-12-10 12:18:15.115 DEBUG 77664 --- [http-nio-8080-exec-2] org.hibernate.SQL                        : insert into expensescategory (category_name, ec_id) values (?, ?)
2019-12-10 12:18:15.294 DEBUG 77664 --- [http-nio-8080-exec-2] o.s.w.f.CommonsRequestLoggingFilter      : REQUEST DATA : POST /api/addCategory, payload={

			"categoryName" : "xyz"
	}
]
